{
  "RSpec": {
    "coverage": {
      "/home/jlruehle/tic-tac-toe-rb-online-web-sp-000/lib/tic_tac_toe.rb": [
        null,
        1,
        null,
        null,
        null,
        null,
        null,
        null,
        null,
        null,
        null,
        1,
        17,
        17,
        17,
        17,
        17,
        null,
        null,
        1,
        17,
        null,
        null,
        1,
        17,
        17,
        null,
        null,
        1,
        17,
        null,
        null,
        1,
        17,
        null,
        null,
        1,
        17,
        17,
        17,
        17,
        17,
        17,
        17,
        null,
        0,
        null,
        null,
        null,
        1,
        17,
        17,
        153,
        26,
        null,
        null,
        17,
        null,
        null,
        1,
        17,
        17,
        11,
        null,
        6,
        null,
        null,
        null,
        1,
        36,
        250,
        6,
        244,
        2,
        null,
        null,
        28,
        null,
        null,
        1,
        99,
        null,
        null,
        null,
        1,
        10,
        2,
        null,
        8,
        null,
        null,
        null,
        1,
        18,
        8,
        null,
        10,
        null,
        null,
        null,
        1,
        0,
        0,
        null,
        0,
        0,
        null,
        0,
        null,
        null,
        null,
        null,
        1,
        12,
        17,
        null,
        12,
        5,
        null,
        null,
        null,
        null
      ]
    },
    "timestamp": 1579719256
  }
}
